<?xml version="1.0" encoding="UTF-8"?>
<!-- Generated by org.testng.reporters.JUnitXMLReporter -->
<testsuite hostname="LAPTOP-F0EEA8IO" ignored="0" name="Banking" tests="1" failures="1" timestamp="2021-01-04T18:50:15 CET" time="15.844" errors="0">
  <testcase name="LoginTest" time="4.484" classname="com.Banking.testCases.TC_LoginTest_001">
    <failure type="java.lang.AssertionError" message="expected [true] but found [false]">
      <![CDATA[java.lang.AssertionError: expected [true] but found [false]
at com.Banking.testCases.TC_LoginTest_001.LoginTest(TC_LoginTest_001.java:48)
at java.util.ArrayList.forEach(ArrayList.java:1259)
... Removed 31 stack frames]]>
    </failure>
  </testcase> <!-- LoginTest -->
</testsuite> <!-- Banking -->
